시작 시간: Wed Aug 17 2022 15:23:14 GMT+0900 (대한민국 표준시)
#########################
# 나연테크 시험결과보고서 #
#########################

* 출입키 위변조 복구율
* 수행 100회, 총 테스트 데이터: 100개
* 목표 성공률: 100%

===============================================================
출입키 위변조 복구율 시험 1/5 (Wed Aug 17 2022 15:23:28 GMT+0900 (대한민국 표준시))

시험 출입키 데이터
8d969eef6ecad3c29a3a629280e686cf0c3f5d5a86aff3ca12020c923adc6c92
위변조 출입키
d0784c6b1785dcd474688d46b1fe99792ff66f6b56bebf26dda0c08516bac22e
위변조 감지 출입키
d0784c6b1785dcd474688d46b1fe99792ff66f6b56bebf26dda0c08516bac22e
복구된 출입키
8d969eef6ecad3c29a3a629280e686cf0c3f5d5a86aff3ca12020c923adc6c92

===============================================================
출입키 위변조 복구율 시험 2/5 (Wed Aug 17 2022 15:23:37 GMT+0900 (대한민국 표준시))

시험 출입키 데이터
5e884898da28047151d0e56f8dc6292773603d0d6aabbdd62a11ef721d1542d8
위변조 출입키
09c587fb282c3423f0867eb10c37a6fd4e3a157865efbf7bccfd51621e9940c1
위변조 감지 출입키
09c587fb282c3423f0867eb10c37a6fd4e3a157865efbf7bccfd51621e9940c1
복구된 출입키
5e884898da28047151d0e56f8dc6292773603d0d6aabbdd62a11ef721d1542d8

===============================================================
출입키 위변조 복구율 시험 3/5 (Wed Aug 17 2022 15:23:42 GMT+0900 (대한민국 표준시))

시험 출입키 데이터
ef797c8118f02dfb649607dd5d3f8c7623048c9c063d532cc95c5ed7a898a64f
위변조 출입키
2cf24dba5fb0a30e26e83b2ac5b9e29e1b161e5c1fa7425e73043362938b9824
위변조 감지 출입키
2cf24dba5fb0a30e26e83b2ac5b9e29e1b161e5c1fa7425e73043362938b9824
복구된 출입키
ef797c8118f02dfb649607dd5d3f8c7623048c9c063d532cc95c5ed7a898a64f

===============================================================
출입키 위변조 복구율 시험 4/5 (Wed Aug 17 2022 15:23:55 GMT+0900 (대한민국 표준시))

시험 출입키 데이터
65e84be33532fb784c48129675f9eff3a682b27168c0ea744b2cf58ee02337c5
위변조 출입키
b6f8d434a847fb0f0c1a8d9b936b8ca952e224f205a55f4ba9b2c20f88fdc9e7
위변조 감지 출입키
b6f8d434a847fb0f0c1a8d9b936b8ca952e224f205a55f4ba9b2c20f88fdc9e7
복구된 출입키
65e84be33532fb784c48129675f9eff3a682b27168c0ea744b2cf58ee02337c5

===============================================================
출입키 위변조 복구율 시험 5/5 (Wed Aug 17 2022 15:24:02 GMT+0900 (대한민국 표준시))

시험 출입키 데이터
15e2b0d3c33891ebb0f1ef609ec419420c20e320ce94c65fbc8c3312448eb225
위변조 출입키
a0b7c245fab334467e9508386bdccbf953957d01043ec043da915ad993766a48
위변조 감지 출입키
a0b7c245fab334467e9508386bdccbf953957d01043ec043da915ad993766a48
복구된 출입키
15e2b0d3c33891ebb0f1ef609ec419420c20e320ce94c65fbc8c3312448eb225

===============================================================
총 데이터: 5개
성공: 5회
실패: 0회
성공률: 100%

종료 시간: Wed Aug 17 2022 15:24:03 GMT+0900 (대한민국 표준시)