시작 시간: Tue Jul 12 2022 11:40:57 GMT+0900 (대한민국 표준시)
#########################
# 나연테크 시험결과보고서 #
#########################

* 출입키 위변조 복구율
* 수행 100회, 총 테스트 데이터: 100개
* 목표 성공률: 100%

===============================================================
출입키 위변조 복구율 시험 1/10 (Tue Jul 12 2022 11:41:40 GMT+0900 (대한민국 표준시))

시험 출입키 데이터
8d969eef6ecad3c29a3a629280e686cf0c3f5d5a86aff3ca12020c923adc6c92
위변조 출입키
d0784c6b1785dcd474688d46b1fe99792ff66f6b56bebf26dda0c08516bac22e
위변조 감지 출입키
d0784c6b1785dcd474688d46b1fe99792ff66f6b56bebf26dda0c08516bac22e
복구된 출입키
8d969eef6ecad3c29a3a629280e686cf0c3f5d5a86aff3ca12020c923adc6c92

===============================================================
출입키 위변조 복구율 시험 2/10 (Tue Jul 12 2022 11:41:43 GMT+0900 (대한민국 표준시))

시험 출입키 데이터
5e884898da28047151d0e56f8dc6292773603d0d6aabbdd62a11ef721d1542d8
위변조 출입키
09c587fb282c3423f0867eb10c37a6fd4e3a157865efbf7bccfd51621e9940c1
위변조 감지 출입키
09c587fb282c3423f0867eb10c37a6fd4e3a157865efbf7bccfd51621e9940c1
복구된 출입키
5e884898da28047151d0e56f8dc6292773603d0d6aabbdd62a11ef721d1542d8

===============================================================
출입키 위변조 복구율 시험 3/10 (Tue Jul 12 2022 11:41:46 GMT+0900 (대한민국 표준시))

시험 출입키 데이터
ef797c8118f02dfb649607dd5d3f8c7623048c9c063d532cc95c5ed7a898a64f
위변조 출입키
2cf24dba5fb0a30e26e83b2ac5b9e29e1b161e5c1fa7425e73043362938b9824
위변조 감지 출입키
2cf24dba5fb0a30e26e83b2ac5b9e29e1b161e5c1fa7425e73043362938b9824
복구된 출입키
ef797c8118f02dfb649607dd5d3f8c7623048c9c063d532cc95c5ed7a898a64f

===============================================================
출입키 위변조 복구율 시험 4/10 (Tue Jul 12 2022 11:41:50 GMT+0900 (대한민국 표준시))

시험 출입키 데이터
65e84be33532fb784c48129675f9eff3a682b27168c0ea744b2cf58ee02337c5
위변조 출입키
b6f8d434a847fb0f0c1a8d9b936b8ca952e224f205a55f4ba9b2c20f88fdc9e7
위변조 감지 출입키
b6f8d434a847fb0f0c1a8d9b936b8ca952e224f205a55f4ba9b2c20f88fdc9e7
복구된 출입키
65e84be33532fb784c48129675f9eff3a682b27168c0ea744b2cf58ee02337c5

===============================================================
출입키 위변조 복구율 시험 5/10 (Tue Jul 12 2022 11:41:55 GMT+0900 (대한민국 표준시))

시험 출입키 데이터
65e84be33532fb784c48129675f9eff3a682b27168c0ea744b2cf58ee02337c5
위변조 출입키
b6f8d434a847fb0f0c1a8d9b936b8ca952e224f205a55f4ba9b2c20f88fdc9e7
위변조 감지 출입키
b6f8d434a847fb0f0c1a8d9b936b8ca952e224f205a55f4ba9b2c20f88fdc9e7
복구된 출입키
65e84be33532fb784c48129675f9eff3a682b27168c0ea744b2cf58ee02337c5

===============================================================
출입키 위변조 복구율 시험 6/10 (Tue Jul 12 2022 11:42:02 GMT+0900 (대한민국 표준시))

시험 출입키 데이터
15e2b0d3c33891ebb0f1ef609ec419420c20e320ce94c65fbc8c3312448eb225
위변조 출입키
a0b7c245fab334467e9508386bdccbf953957d01043ec043da915ad993766a48
위변조 감지 출입키
a0b7c245fab334467e9508386bdccbf953957d01043ec043da915ad993766a48
복구된 출입키
15e2b0d3c33891ebb0f1ef609ec419420c20e320ce94c65fbc8c3312448eb225

===============================================================
출입키 위변조 복구율 시험 7/10 (Tue Jul 12 2022 11:42:09 GMT+0900 (대한민국 표준시))

시험 출입키 데이터
a9c43be948c5cabd56ef2bacffb77cdaa5eec49dd5eb0cc4129cf3eda5f0e74c
위변조 출입키
ef51306214d9a6361ee1d5b452e6d2bb70dc7ebb85bf9e02c3d4747fb57d6bec
위변조 감지 출입키
ef51306214d9a6361ee1d5b452e6d2bb70dc7ebb85bf9e02c3d4747fb57d6bec
복구된 출입키
a9c43be948c5cabd56ef2bacffb77cdaa5eec49dd5eb0cc4129cf3eda5f0e74c

===============================================================
출입키 위변조 복구율 시험 8/10 (Tue Jul 12 2022 11:42:13 GMT+0900 (대한민국 표준시))

시험 출입키 데이터
73cd1b16c4fb83061ad18a0b29b9643a68d4640075a466dc9e51682f84a847f5
위변조 출입키
61bffea9215f65164ad18b45aff1436c0c165d0d5dd2087ef61b4232ba6d2c1a
위변조 감지 출입키
61bffea9215f65164ad18b45aff1436c0c165d0d5dd2087ef61b4232ba6d2c1a
복구된 출입키
73cd1b16c4fb83061ad18a0b29b9643a68d4640075a466dc9e51682f84a847f5

===============================================================
출입키 위변조 복구율 시험 9/10 (Tue Jul 12 2022 11:42:16 GMT+0900 (대한민국 표준시))

시험 출입키 데이터
88b1cca59060320e5e5662a7da636884eb7580f4dc7e22cfb6f88b8f99045a71
위변조 출입키
33c614ca3cf78827a85dc0d8d06bfcf8c4d923fd23c813acd50b80ed2d4d4fb3
위변조 감지 출입키
33c614ca3cf78827a85dc0d8d06bfcf8c4d923fd23c813acd50b80ed2d4d4fb3
복구된 출입키
88b1cca59060320e5e5662a7da636884eb7580f4dc7e22cfb6f88b8f99045a71

===============================================================
출입키 위변조 복구율 시험 10/10 (Tue Jul 12 2022 11:42:21 GMT+0900 (대한민국 표준시))

시험 출입키 데이터
6161b0a284159565a0f7d5df2dd2698b5f87906cd91ff5322caf179b451f5a41
위변조 출입키
d081f5e402980b267f1f87cb6b74fc3eb249de26e670a9db55dec67da7864de4
위변조 감지 출입키
d081f5e402980b267f1f87cb6b74fc3eb249de26e670a9db55dec67da7864de4
복구된 출입키
6161b0a284159565a0f7d5df2dd2698b5f87906cd91ff5322caf179b451f5a41

===============================================================
총 데이터: 10개
성공: 10회
실패: 0회
성공률: 100%